The system is: Windows - 10.0.19044 - AMD64
Compiling the C compiler identification source file "CMakeCCompilerId.c" succeeded.
Compiler: C:/Program Files (x86)/Microsoft Visual Studio/2017/Community/VC/Tools/MSVC/14.16.27023/bin/Hostx86/x86/cl.exe 
Build flags: 
Id flags:  

The output was:
0
Microsoft (R) C/C++-Optimierungscompiler Version 19.16.27043 für x86
Copyright (C) Microsoft Corporation. Alle Rechte vorbehalten.

CMakeCCompilerId.c
Microsoft (R) Incremental Linker Version 14.16.27043.0
Copyright (C) Microsoft Corporation.  All rights reserved.

/out:CMakeCCompilerId.exe 
CMakeCCompilerId.obj 


Compilation of the C compiler identification source "CMakeCCompilerId.c" produced "CMakeCCompilerId.exe"

Compilation of the C compiler identification source "CMakeCCompilerId.c" produced "CMakeCCompilerId.obj"

The C compiler identification is MSVC, found in "F:/ProgrammingProjects/CPP/vulkan_tut/cmake-build-debug-visual-studio/CMakeFiles/3.21.1/CompilerIdC/CMakeCCompilerId.exe"

Compiling the CXX compiler identification source file "CMakeCXXCompilerId.cpp" succeeded.
Compiler: C:/Program Files (x86)/Microsoft Visual Studio/2017/Community/VC/Tools/MSVC/14.16.27023/bin/Hostx86/x86/cl.exe 
Build flags: 
Id flags:  

The output was:
0
Microsoft (R) C/C++-Optimierungscompiler Version 19.16.27043 für x86
Copyright (C) Microsoft Corporation. Alle Rechte vorbehalten.

CMakeCXXCompilerId.cpp
Microsoft (R) Incremental Linker Version 14.16.27043.0
Copyright (C) Microsoft Corporation.  All rights reserved.

/out:CMakeCXXCompilerId.exe 
CMakeCXXCompilerId.obj 


Compilation of the CXX compiler identification source "CMakeCXXCompilerId.cpp" produced "CMakeCXXCompilerId.exe"

Compilation of the CXX compiler identification source "CMakeCXXCompilerId.cpp" produced "CMakeCXXCompilerId.obj"

The CXX compiler identification is MSVC, found in "F:/ProgrammingProjects/CPP/vulkan_tut/cmake-build-debug-visual-studio/CMakeFiles/3.21.1/CompilerIdCXX/CMakeCXXCompilerId.exe"

Detecting C compiler ABI info compiled with the following output:
Change Dir: F:/ProgrammingProjects/CPP/vulkan_tut/cmake-build-debug-visual-studio/CMakeFiles/CMakeTmp

Run Build Command(s):D:/EditorsLib/CLion 2021.1/bin/ninja/win/ninja.exe cmTC_02948 && [1/2] Building C object CMakeFiles\cmTC_02948.dir\CMakeCCompilerABI.c.obj
[2/2] Linking C executable cmTC_02948.exe



Detecting CXX compiler ABI info compiled with the following output:
Change Dir: F:/ProgrammingProjects/CPP/vulkan_tut/cmake-build-debug-visual-studio/CMakeFiles/CMakeTmp

Run Build Command(s):D:/EditorsLib/CLion 2021.1/bin/ninja/win/ninja.exe cmTC_18db6 && [1/2] Building CXX object CMakeFiles\cmTC_18db6.dir\CMakeCXXCompilerABI.cpp.obj
[2/2] Linking CXX executable cmTC_18db6.exe



